-------------------------------------------------------------------------------
Test set: edu.du.ict4315.parking.charges.test.CompactCarDiscountTest
-------------------------------------------------------------------------------
Tests run: 1, Failures: 1, Errors: 0, Skipped: 0, Time elapsed: 0.001 s <<< FAILURE! - in edu.du.ict4315.parking.charges.test.CompactCarDiscountTest
testGetParkingCharge  Time elapsed: 0.001 s  <<< FAILURE!
org.opentest4j.AssertionFailedError: expected: <8.0> but was: <12.8>
	at edu.du.ict4315.parking.charges.test.CompactCarDiscountTest.testGetParkingCharge(CompactCarDiscountTest.java:56)

