<?xml version="1.0" encoding="UTF-8"?>
<testsuite xmlns:xsi="http://www.w3.org/2001/XMLSchema-instance" xsi:noNamespaceSchemaLocation="https://maven.apache.org/surefire/maven-surefire-plugin/xsd/surefire-test-report.xsd" name="edu.du.ict4315.parking.test.TestParkingService" time="0.017" tests="2" errors="0" skipped="0" failures="0">
  <properties>
[...]
</properties>
  <testcase name="testBadInput" classname="edu.du.ict4315.parking.test.TestParkingService" time="0.006"/>
  <testcase name="testGoodInput" classname="edu.du.ict4315.parking.test.TestParkingService" time="0.008"/>
</testsuite>