<?xml version="1.0" encoding="UTF-8"?>
<testsuite xmlns:xsi="http://www.w3.org/2001/XMLSchema-instance" xsi:noNamespaceSchemaLocation="https://maven.apache.org/surefire/maven-surefire-plugin/xsd/surefire-test-report-3.0.xsd" version="3.0" name="edu.du.ict4315.parking.service.test.RegisterCarCommandTest" time="0.009" tests="3" errors="0" skipped="0" failures="0">
  <properties>
[...]
</properties>
  <testcase name="testExecute" classname="edu.du.ict4315.parking.service.test.RegisterCarCommandTest" time="0.005">
    <system-out><![CDATA[Parameters are not valid, see log for more details
]]></system-out>
    <system-err><![CDATA[May 09, 2026 4:16:57 PM edu.du.ict4315.parking.service.RegisterCarCommand checkParameters
SEVERE: Car type must be SUV or compact
]]></system-err>
  </testcase>
  <testcase name="testGetCommandName" classname="edu.du.ict4315.parking.service.test.RegisterCarCommandTest" time="0.0"/>
  <testcase name="testCheckParameters" classname="edu.du.ict4315.parking.service.test.RegisterCarCommandTest" time="0.002">
    <system-err><![CDATA[May 09, 2026 4:16:57 PM edu.du.ict4315.parking.service.RegisterCarCommand checkParameters
SEVERE: Car type must be SUV or compact
May 09, 2026 4:16:57 PM edu.du.ict4315.parking.service.RegisterCarCommand checkParameters
SEVERE: licensePlate is blank
May 09, 2026 4:16:57 PM edu.du.ict4315.parking.service.RegisterCarCommand checkParameters
SEVERE: Car type must be SUV or compact
]]></system-err>
  </testcase>
</testsuite>