<?xml version="1.0" encoding="UTF-8"?>
<testsuite xmlns:xsi="http://www.w3.org/2001/XMLSchema-instance" xsi:noNamespaceSchemaLocation="https://maven.apache.org/surefire/maven-surefire-plugin/xsd/surefire-test-report-3.0.xsd" version="3.0" name="edu.du.ict4315.parking.charges.test.DesignatedDayNineToSixTest" time="0.011" tests="1" errors="0" skipped="0" failures="0">
  <properties>
[...]
</properties>
  <testcase name="chargeTest" classname="edu.du.ict4315.parking.charges.test.DesignatedDayNineToSixTest" time="0.01">
    <system-out><![CDATA[ParkingCharges: DesignatedDayNineToSix
Test (0) 2022-01-03T08:00 to 2022-01-03T09:00; result: $ 10.00 ($ 10.00)
Test (1) 2022-01-29T10:00 to 2022-01-29T17:00; result: $ 12.50 ($ 12.50)
Test (2) 2022-01-01T07:00 to 2022-01-01T17:00; result: $ 20.00 ($ 20.00)
Test (3) 2022-01-01T11:00 to 2022-01-01T12:00; result: $ 22.50 ($ 22.50)
Test (4) 2022-01-17T05:00 to 2022-01-17T11:00; result: $ 20.00 ($ 20.00)
Test (5) 2022-02-21T13:00 to 2022-02-21T13:30; result: $ 22.50 ($ 22.50)
Test (6) 2022-05-29T12:00 to 2022-05-31T12:00; result: $ 42.50 ($ 42.50)
Test (7) 2022-06-20T12:00 to 2022-06-20T12:00; result: $ 22.50 ($ 22.50)
Test (8) 2022-07-02T12:00 to 2022-07-05T12:00; result: $ 52.50 ($ 52.50)
Test (9) 2022-09-05T09:05 to 2022-09-05T09:08; result: $ 22.50 ($ 22.50)
Test (10) 2022-10-09T07:00 to 2022-10-10T07:00; result: $ 30.00 ($ 30.00)
Test (11) 2022-10-10T07:00 to 2022-10-10T17:00; result: $ 20.00 ($ 20.00)
Test (12) 2022-11-11T19:00 to 2022-11-11T21:00; result: $ 20.00 ($ 20.00)
Test (13) 2022-12-24T20:00 to 2022-12-27T20:00; result: $ 60.00 ($ 60.00)
Test (14) 2022-01-09T08:00 to 2022-01-09T11:00; result: $ 10.00 ($ 10.00)
Test (15) 2022-01-29T12:00 to 2022-01-29T12:15; result: $ 12.50 ($ 12.50)
]]></system-out>
  </testcase>
</testsuite>