<?xml version="1.0" encoding="UTF-8"?>
<testsuite xmlns:xsi="http://www.w3.org/2001/XMLSchema-instance" xsi:noNamespaceSchemaLocation="https://maven.apache.org/surefire/maven-surefire-plugin/xsd/surefire-test-report-3.0.xsd" version="3.0" name="edu.du.ict4315.parking.service.test.RegisterCustomerCommandTest" time="0.062" tests="3" errors="0" skipped="0" failures="0">
  <properties>
[...]
</properties>
  <testcase name="testExecute" classname="edu.du.ict4315.parking.service.test.RegisterCustomerCommandTest" time="0.033"/>
  <testcase name="testGetCommandName" classname="edu.du.ict4315.parking.service.test.RegisterCustomerCommandTest" time="0.005"/>
  <testcase name="testCheckParameters" classname="edu.du.ict4315.parking.service.test.RegisterCustomerCommandTest" time="0.011">
    <system-err><![CDATA[Apr 28, 2026 8:38:03 AM edu.du.ict4315.parking.service.RegisterCustomerCommand checkParameters
SEVERE: zip is blank
Apr 28, 2026 8:38:03 AM edu.du.ict4315.parking.service.RegisterCustomerCommand checkParameters
SEVERE: Phone number is invalid length
Apr 28, 2026 8:38:03 AM edu.du.ict4315.parking.service.RegisterCustomerCommand checkParameters
SEVERE: Phone number is invalid length
]]></system-err>
  </testcase>
</testsuite>